[2019-08-16 17:15:58.434] [exthost] [info] extension host started
[2019-08-16 17:15:58.444] [exthost] [info] ExtensionService#_doActivateExtension vscode.debug-auto-launch {"startup":true,"activationEvent":"*"}
[2019-08-16 17:15:58.444] [exthost] [info] ExtensionService#loadCommonJSModule /usr/share/code/resources/app/extensions/debug-auto-launch/dist/extension
[2019-08-16 17:15:58.446] [exthost] [info] ExtensionService#_doActivateExtension vscode.emmet {"startup":true,"activationEvent":"*"}
[2019-08-16 17:15:58.446] [exthost] [info] ExtensionService#loadCommonJSModule /usr/share/code/resources/app/extensions/emmet/dist/extension
[2019-08-16 17:15:58.476] [exthost] [info] ExtensionService#_doActivateExtension vscode.git {"startup":true,"activationEvent":"*"}
[2019-08-16 17:15:58.476] [exthost] [info] ExtensionService#loadCommonJSModule /usr/share/code/resources/app/extensions/git/dist/main
[2019-08-16 17:15:58.541] [exthost] [info] ExtensionService#_doActivateExtension vscode.merge-conflict {"startup":true,"activationEvent":"*"}
[2019-08-16 17:15:58.541] [exthost] [info] ExtensionService#loadCommonJSModule /usr/share/code/resources/app/extensions/merge-conflict/dist/extension
[2019-08-16 17:15:58.545] [exthost] [info] ExtensionService#_doActivateExtension chenxsan.vscode-standardjs {"startup":true,"activationEvent":"*"}
[2019-08-16 17:15:58.545] [exthost] [info] ExtensionService#loadCommonJSModule /home/maxozzyr/.vscode/extensions/chenxsan.vscode-standardjs-1.2.3/client/out/extension
[2019-08-16 17:15:58.567] [exthost] [info] ExtensionService#_doActivateExtension dbaeumer.vscode-eslint {"startup":true,"activationEvent":"*"}
[2019-08-16 17:15:58.567] [exthost] [info] ExtensionService#loadCommonJSModule /home/maxozzyr/.vscode/extensions/dbaeumer.vscode-eslint-1.9.0/client/out/extension
[2019-08-16 17:15:58.592] [exthost] [info] ExtensionService#_doActivateExtension eamodio.gitlens {"startup":true,"activationEvent":"*"}
[2019-08-16 17:15:58.592] [exthost] [info] ExtensionService#loadCommonJSModule /home/maxozzyr/.vscode/extensions/eamodio.gitlens-9.9.3/dist/extension
[2019-08-16 17:15:58.698] [exthost] [info] ExtensionService#_doActivateExtension HookyQR.beautify {"startup":true,"activationEvent":"*"}
[2019-08-16 17:15:58.698] [exthost] [info] ExtensionService#loadCommonJSModule /home/maxozzyr/.vscode/extensions/hookyqr.beautify-1.5.0/extension
[2019-08-16 17:15:58.723] [exthost] [info] ExtensionService#_doActivateExtension PKief.material-icon-theme {"startup":true,"activationEvent":"*"}
[2019-08-16 17:15:58.723] [exthost] [info] ExtensionService#loadCommonJSModule /home/maxozzyr/.vscode/extensions/pkief.material-icon-theme-3.8.1/dist/extension
[2019-08-16 17:15:58.737] [exthost] [info] eager extensions activated
[2019-08-16 17:15:58.867] [exthost] [info] ExtensionService#_doActivateExtension vscode.html-language-features {"startup":false,"activationEvent":"onLanguage:html"}
[2019-08-16 17:15:58.867] [exthost] [info] ExtensionService#loadCommonJSModule /usr/share/code/resources/app/extensions/html-language-features/client/dist/htmlMain
[2019-08-16 17:16:26.829] [exthost] [info] ExtensionService#_doActivateExtension vscode.configuration-editing {"startup":false,"activationEvent":"onLanguage:jsonc"}
[2019-08-16 17:16:26.829] [exthost] [info] ExtensionService#loadCommonJSModule /usr/share/code/resources/app/extensions/configuration-editing/dist/extension
[2019-08-16 17:16:26.834] [exthost] [info] ExtensionService#_doActivateExtension vscode.json-language-features {"startup":false,"activationEvent":"onLanguage:jsonc"}
[2019-08-16 17:16:26.834] [exthost] [info] ExtensionService#loadCommonJSModule /usr/share/code/resources/app/extensions/json-language-features/client/dist/jsonMain
[2019-08-16 17:16:26.887] [exthost] [info] ExtensionService#_doActivateExtension vscode.typescript-language-features {"startup":false,"activationEvent":"onLanguage:jsonc"}
[2019-08-16 17:16:26.887] [exthost] [info] ExtensionService#loadCommonJSModule /usr/share/code/resources/app/extensions/typescript-language-features/dist/extension
