[2019-08-16 17:17:08.921] [exthost] [info] extension host started
[2019-08-16 17:17:08.931] [exthost] [info] ExtensionService#_doActivateExtension vscode.debug-auto-launch {"startup":true,"activationEvent":"*"}
[2019-08-16 17:17:08.931] [exthost] [info] ExtensionService#loadCommonJSModule /usr/share/code/resources/app/extensions/debug-auto-launch/dist/extension
[2019-08-16 17:17:08.933] [exthost] [info] ExtensionService#_doActivateExtension vscode.emmet {"startup":true,"activationEvent":"*"}
[2019-08-16 17:17:08.933] [exthost] [info] ExtensionService#loadCommonJSModule /usr/share/code/resources/app/extensions/emmet/dist/extension
[2019-08-16 17:17:08.965] [exthost] [info] ExtensionService#_doActivateExtension vscode.git {"startup":true,"activationEvent":"*"}
[2019-08-16 17:17:08.965] [exthost] [info] ExtensionService#loadCommonJSModule /usr/share/code/resources/app/extensions/git/dist/main
[2019-08-16 17:17:09.029] [exthost] [info] ExtensionService#_doActivateExtension vscode.merge-conflict {"startup":true,"activationEvent":"*"}
[2019-08-16 17:17:09.029] [exthost] [info] ExtensionService#loadCommonJSModule /usr/share/code/resources/app/extensions/merge-conflict/dist/extension
[2019-08-16 17:17:09.033] [exthost] [info] ExtensionService#_doActivateExtension chenxsan.vscode-standardjs {"startup":true,"activationEvent":"*"}
[2019-08-16 17:17:09.033] [exthost] [info] ExtensionService#loadCommonJSModule /home/maxozzyr/.vscode/extensions/chenxsan.vscode-standardjs-1.2.3/client/out/extension
[2019-08-16 17:17:09.054] [exthost] [info] ExtensionService#_doActivateExtension dbaeumer.vscode-eslint {"startup":true,"activationEvent":"*"}
[2019-08-16 17:17:09.054] [exthost] [info] ExtensionService#loadCommonJSModule /home/maxozzyr/.vscode/extensions/dbaeumer.vscode-eslint-1.9.0/client/out/extension
[2019-08-16 17:17:09.078] [exthost] [info] ExtensionService#_doActivateExtension eamodio.gitlens {"startup":true,"activationEvent":"*"}
[2019-08-16 17:17:09.078] [exthost] [info] ExtensionService#loadCommonJSModule /home/maxozzyr/.vscode/extensions/eamodio.gitlens-9.9.3/dist/extension
[2019-08-16 17:17:09.177] [exthost] [info] ExtensionService#_doActivateExtension HookyQR.beautify {"startup":true,"activationEvent":"*"}
[2019-08-16 17:17:09.177] [exthost] [info] ExtensionService#loadCommonJSModule /home/maxozzyr/.vscode/extensions/hookyqr.beautify-1.5.0/extension
[2019-08-16 17:17:09.203] [exthost] [info] ExtensionService#_doActivateExtension PKief.material-icon-theme {"startup":true,"activationEvent":"*"}
[2019-08-16 17:17:09.203] [exthost] [info] ExtensionService#loadCommonJSModule /home/maxozzyr/.vscode/extensions/pkief.material-icon-theme-3.8.1/dist/extension
[2019-08-16 17:17:09.216] [exthost] [info] ExtensionService#_doActivateExtension vscode.npm {"startup":true,"activationEvent":"workspaceContains:package.json"}
[2019-08-16 17:17:09.216] [exthost] [info] ExtensionService#loadCommonJSModule /usr/share/code/resources/app/extensions/npm/dist/main
[2019-08-16 17:17:09.380] [exthost] [info] ExtensionService#_doActivateExtension ghmcadams.lintlens {"startup":true,"activationEvent":"workspaceContains:**/.eslintrc*,**/package.json"}
[2019-08-16 17:17:09.380] [exthost] [info] ExtensionService#loadCommonJSModule /home/maxozzyr/.vscode/extensions/ghmcadams.lintlens-2.4.0/extension
[2019-08-16 17:17:09.657] [exthost] [info] eager extensions activated
[2019-08-16 17:18:38.295] [exthost] [info] ExtensionService#_doActivateExtension vscode.configuration-editing {"startup":false,"activationEvent":"onLanguage:jsonc"}
[2019-08-16 17:18:38.295] [exthost] [info] ExtensionService#loadCommonJSModule /usr/share/code/resources/app/extensions/configuration-editing/dist/extension
[2019-08-16 17:18:38.300] [exthost] [info] ExtensionService#_doActivateExtension vscode.json-language-features {"startup":false,"activationEvent":"onLanguage:jsonc"}
[2019-08-16 17:18:38.300] [exthost] [info] ExtensionService#loadCommonJSModule /usr/share/code/resources/app/extensions/json-language-features/client/dist/jsonMain
[2019-08-16 17:18:38.352] [exthost] [info] ExtensionService#_doActivateExtension vscode.typescript-language-features {"startup":false,"activationEvent":"onLanguage:jsonc"}
[2019-08-16 17:18:38.352] [exthost] [info] ExtensionService#loadCommonJSModule /usr/share/code/resources/app/extensions/typescript-language-features/dist/extension
